v:\kernelland\regulardriver\driver\driver\x64\debug\driver.inf
v:\kernelland\regulardriver\driver\driver\x64\debug\vc143.pdb
v:\kernelland\regulardriver\driver\driver\x64\debug\driver.obj
v:\kernelland\regulardriver\driver\driver\x64\debug\device.obj
v:\kernelland\regulardriver\driver\x64\debug\driver.sys
v:\kernelland\regulardriver\driver\x64\debug\driver\driver.cat
v:\kernelland\regulardriver\driver\x64\debug\driver.cer
v:\kernelland\regulardriver\driver\x64\debug\driver.inf
v:\kernelland\regulardriver\driver\x64\debug\driver.pdb
v:\kernelland\regulardriver\driver\driver\x64\debug\driver.tlog\stampinf.read.1.tlog
v:\kernelland\regulardriver\driver\driver\x64\debug\driver.tlog\stampinf.write.1.tlog
v:\kernelland\regulardriver\driver\driver\x64\debug\driver.tlog\stampinf.command.1.tlog
v:\kernelland\regulardriver\driver\driver\x64\debug\driver.tlog\cl.read.1.tlog
v:\kernelland\regulardriver\driver\driver\x64\debug\driver.tlog\cl.write.1.tlog
v:\kernelland\regulardriver\driver\driver\x64\debug\driver.tlog\cl.command.1.tlog
v:\kernelland\regulardriver\driver\driver\x64\debug\driver.tlog\link.read.2.tlog
v:\kernelland\regulardriver\driver\driver\x64\debug\driver.tlog\signtool.read.1.tlog
v:\kernelland\regulardriver\driver\driver\x64\debug\driver.tlog\link.write.1.tlog
v:\kernelland\regulardriver\driver\driver\x64\debug\driver.tlog\link.command.1.tlog
v:\kernelland\regulardriver\driver\driver\x64\debug\driver.tlog\link.secondary.1.tlog
v:\kernelland\regulardriver\driver\driver\x64\debug\driver.tlog\signtool.write.1.tlog
v:\kernelland\regulardriver\driver\driver\x64\debug\driver.tlog\signtool.command.1.tlog
v:\kernelland\regulardriver\driver\driver\x64\debug\driver.tlog\signtool.timestamp.1.tlog
v:\kernelland\regulardriver\driver\driver\x64\debug\driver.tlog\inf2cat-expand.read.1.tlog
v:\kernelland\regulardriver\driver\driver\x64\debug\driver.tlog\inf2cat-expand.write.1.tlog
v:\kernelland\regulardriver\driver\driver\x64\debug\driver.tlog\inf2cat-expand.3620.read.1.tlog
v:\kernelland\regulardriver\driver\driver\x64\debug\driver.tlog\inf2cat-expand.3620.write.1.tlog
v:\kernelland\regulardriver\driver\driver\x64\debug\driver.tlog\inf2cat-expand.9476.read.1.tlog
v:\kernelland\regulardriver\driver\driver\x64\debug\driver.tlog\inf2cat.command.1.tlog
v:\kernelland\regulardriver\driver\driver\x64\debug\driver.tlog\cl.items.tlog
v:\kernelland\regulardriver\driver\driver\x64\debug\driver.tlog\inf2cat-expand.9476.write.1.tlog
v:\kernelland\regulardriver\driver\driver\x64\debug\driver.tlog\inf2cat-expand.10168.read.1.tlog
v:\kernelland\regulardriver\driver\driver\x64\debug\driver.tlog\inf2cat-expand.10168.write.1.tlog
v:\kernelland\regulardriver\driver\driver\x64\debug\driver.tlog\inf2cat-expand.8692.read.1.tlog
v:\kernelland\regulardriver\driver\driver\x64\debug\driver.tlog\inf2cat-expand.8692.write.1.tlog
v:\kernelland\regulardriver\driver\driver\x64\debug\driver.tlog\inf2cat-expand.10212.read.1.tlog
v:\kernelland\regulardriver\driver\driver\x64\debug\driver.tlog\inf2cat-expand.10212.write.1.tlog
v:\kernelland\regulardriver\driver\driver\x64\debug\driver.tlog\inf2cat-expand.10080.read.1.tlog
v:\kernelland\regulardriver\driver\driver\x64\debug\driver.tlog\inf2cat-expand.10080.write.1.tlog
v:\kernelland\regulardriver\driver\driver\x64\debug\driver.tlog\inf2cat-expand.3868.read.1.tlog
v:\kernelland\regulardriver\driver\driver\x64\debug\driver.tlog\inf2cat-expand.3868.write.1.tlog
v:\kernelland\regulardriver\driver\driver\x64\debug\driver.tlog\inf2cat-expand.9996.read.1.tlog
v:\kernelland\regulardriver\driver\driver\x64\debug\driver.tlog\inf2cat-expand.9996.write.1.tlog
v:\kernelland\regulardriver\driver\driver\x64\debug\driver.tlog\inf2cat-expand.10948.read.1.tlog
v:\kernelland\regulardriver\driver\driver\x64\debug\driver.tlog\inf2cat-expand.10948.write.1.tlog
v:\kernelland\regulardriver\driver\driver\x64\debug\driver.tlog\inf2cat-expand.9912.read.1.tlog
v:\kernelland\regulardriver\driver\driver\x64\debug\driver.tlog\inf2cat-expand.9912.write.1.tlog
v:\kernelland\regulardriver\driver\driver\x64\debug\driver.tlog\inf2cat-expand.3096.read.1.tlog
v:\kernelland\regulardriver\driver\driver\x64\debug\driver.tlog\inf2cat-expand.3096.write.1.tlog
v:\kernelland\regulardriver\driver\driver\x64\debug\driver.tlog\inf2cat-expand.4248.read.1.tlog
v:\kernelland\regulardriver\driver\driver\x64\debug\driver.tlog\inf2cat-expand.4248.write.1.tlog
v:\kernelland\regulardriver\driver\driver\x64\debug\driver.tlog\inf2cat-expand.4420.read.1.tlog
v:\kernelland\regulardriver\driver\driver\x64\debug\driver.tlog\inf2cat-expand.4420.write.1.tlog
v:\kernelland\regulardriver\driver\driver\x64\debug\driver.tlog\inf2cat-expand.10528.read.1.tlog
v:\kernelland\regulardriver\driver\driver\x64\debug\driver.tlog\inf2cat-expand.10528.write.1.tlog
v:\kernelland\regulardriver\driver\driver\x64\debug\driver.tlog\inf2cat-expand.11484.read.1.tlog
v:\kernelland\regulardriver\driver\driver\x64\debug\driver.tlog\inf2cat-expand.11484.write.1.tlog
v:\kernelland\regulardriver\driver\driver\x64\debug\driver.tlog\inf2cat-expand.272.read.1.tlog
v:\kernelland\regulardriver\driver\driver\x64\debug\driver.tlog\inf2cat-expand.272.write.1.tlog
v:\kernelland\regulardriver\driver\driver\x64\debug\driver.tlog\inf2cat-expand.11500.read.1.tlog
v:\kernelland\regulardriver\driver\driver\x64\debug\driver.tlog\inf2cat-expand.11500.write.1.tlog
v:\kernelland\regulardriver\driver\driver\x64\debug\driver.tlog\link.read.1.tlog
